TN:
SF:src/components/CheckboxWithLabel/index.tsx
FN:8,CheckboxWithLabel
FN:11,onChange
FNF:2
FNH:2
FNDA:2,CheckboxWithLabel
FNDA:1,onChange
DA:1,1
DA:2,1
DA:3,1
DA:4,1
DA:5,1
DA:6,1
DA:7,1
DA:8,1
DA:9,2
DA:10,2
DA:11,2
DA:12,1
DA:13,1
DA:14,2
DA:15,2
DA:16,2
DA:17,2
DA:18,2
DA:19,2
DA:20,2
DA:21,2
LF:21
LH:21
BRDA:8,0,0,2
BRDA:18,1,0,1
BRDA:18,2,0,1
BRDA:11,3,0,1
BRF:4
BRH:4
end_of_record
TN:
SF:src/util/encryption.ts
FN:1,encryptionPhone
FNF:1
FNH:1
FNDA:5,encryptionPhone
DA:1,1
DA:2,5
DA:3,2
DA:4,2
DA:5,3
DA:6,3
DA:7,3
DA:8,3
DA:9,3
LF:9
LH:9
BRDA:1,0,0,5
BRDA:2,1,0,3
BRDA:2,2,0,2
BRDA:4,3,0,3
BRDA:7,4,0,22
BRDA:7,5,0,16
BRDA:7,6,0,8
BRDA:7,7,0,14
BRF:8
BRH:8
end_of_record
TN:
SF:src/util/file.ts
FN:1,getFileName
FNF:1
FNH:1
FNDA:5,getFileName
DA:1,1
DA:2,5
DA:3,2
DA:4,2
DA:5,2
DA:6,2
DA:7,2
DA:8,3
DA:9,3
DA:10,3
DA:11,3
DA:12,3
DA:13,3
DA:14,3
DA:15,3
DA:16,3
DA:17,3
LF:17
LH:17
BRDA:1,0,0,5
BRDA:2,1,0,4
BRDA:2,2,0,2
BRDA:7,3,0,3
BRF:4
BRH:4
end_of_record
TN:
SF:src/util/fn.ts
FN:1,testTwoFn
FNF:1
FNH:1
FNDA:1,testTwoFn
DA:1,1
DA:2,1
DA:3,1
DA:4,1
DA:5,1
DA:6,1
DA:7,1
DA:8,1
DA:9,1
DA:10,1
DA:11,1
LF:11
LH:11
BRDA:1,0,0,1
BRDA:2,1,0,1
BRDA:7,2,0,1
BRF:3
BRH:3
end_of_record
TN:
SF:src/util/localStorage.ts
FN:3,set
FN:7,get
FN:11,clear
FNF:3
FNH:3
FNDA:2,set
FNDA:3,get
FNDA:1,clear
DA:1,1
DA:2,1
DA:3,1
DA:4,2
DA:5,2
DA:6,1
DA:7,1
DA:8,3
DA:9,3
DA:10,1
DA:11,1
DA:12,1
DA:13,1
LF:13
LH:13
BRDA:3,0,0,2
BRDA:7,1,0,3
BRDA:11,2,0,1
BRF:3
BRH:3
end_of_record
TN:
SF:src/util/sum.ts
FN:1,add
FNF:1
FNH:1
FNDA:2,add
DA:1,1
DA:2,2
DA:3,2
LF:3
LH:3
BRDA:1,0,0,2
BRF:1
BRH:1
end_of_record
TN:
SF:src/util/timer.ts
FN:1,after4000ms
FNF:1
FNH:1
FNDA:3,after4000ms
DA:1,1
DA:2,3
DA:3,2
DA:4,3
DA:5,3
LF:5
LH:5
BRDA:1,0,0,3
BRDA:2,1,0,2
BRF:2
BRH:2
end_of_record
TN:
SF:src/util/timer_explain.ts
FN:1,timerGame
FN:9,testTwoFn
FNF:2
FNH:2
FNDA:2,timerGame
FNDA:3,testTwoFn
DA:1,1
DA:2,2
DA:3,2
DA:4,1
DA:5,1
DA:6,2
DA:7,2
DA:8,1
DA:9,1
DA:10,3
DA:11,2
DA:12,2
DA:13,3
DA:14,3
DA:15,3
DA:16,1
DA:17,1
DA:18,3
DA:19,3
LF:19
LH:19
BRDA:1,0,0,2
BRDA:3,1,0,1
BRDA:9,2,0,3
BRDA:10,3,0,2
BRDA:15,4,0,1
BRF:5
BRH:5
end_of_record
